1549896074152	mozrunner::runner	INFO	Running command: "C:\\Program Files\\Mozilla Firefox\\firefox.exe" "-marionette" "-foreground" "-no-remote" "-profile" "C:\\Users\\vartika\\AppData\\Local\\Temp\\rust_mozprofile.bQj7VHTxMfNr"
1549896075141	addons.webextension.screenshots@mozilla.org	WARN	Loading extension 'screenshots@mozilla.org': Reading manifest: Invalid host permission: resource://pdf.js/
1549896075141	addons.webextension.screenshots@mozilla.org	WARN	Loading extension 'screenshots@mozilla.org': Reading manifest: Invalid host permission: about:reader*
1549896077564	Marionette	INFO	Listening on port 49931
1549896078049	Marionette	WARN	TLS certificate errors will be ignored for this session
console.error: BroadcastService: 
  receivedBroadcastMessage: handler for
  remote-settings/monitor_changes
  threw error:
  Message: Error: Polling for changes failed: NetworkError when attempting to fetch resource..
  Stack:
    remoteSettingsFunction/remoteSettings.pollChanges@resource://services-settings/remote-settings.js:188:13

[Parent 7140, Gecko_IOThread] WARNING: pipe error: 109: file z:/build/build/src/ipc/chromium/src/chrome/common/ipc_channel_win.cc, line 332
[Child 6404, Chrome_ChildThread] WARNING: pipe error: 109: file z:/build/build/src/ipc/chromium/src/chrome/common/ipc_channel_win.cc, line 332
[Child 6404, Chrome_ChildThread] WARNING: pipe error: 109: file z:/build/build/src/ipc/chromium/src/chrome/common/ipc_channel_win.cc, line 332
[Parent 7140, Gecko_IOThread] WARNING: pipe error: 109: file z:/build/build/src/ipc/chromium/src/chrome/common/ipc_channel_win.cc, line 332
[Child 2216, Chrome_ChildThread] WARNING: pipe error: 109: file z:/build/build/src/ipc/chromium/src/chrome/common/ipc_channel_win.cc, line 332
[Child 2216, Chrome_ChildThread] WARNING: pipe error: 109: file z:/build/build/src/ip[Parent 7140, Gecko_IOThread] WARNING: pipe error: 109: file z:/build/build/src/ipc/chromium/src/chrome/common/ipc_channel_win.cc, line 332
[Child 3496, Chrome_ChildThread] WARNING: pipe error: 109: file z:/build/build/src/ipc/chromium/src/chrome/common/ipc_channel_win.cc, line 332
[Parent 7140, Gecko_IOThread] WARNING: file z:/build/build/src/ipc/chromium/src/base/process_util_win.cc, line 166
1549896103650	Marionette	INFO	Stopped listening on port 49931
1549896708721	mozrunner::runner	INFO	Running command: "C:\\Program Files\\Mozilla Firefox\\firefox.exe" "-marionette" "-foreground" "-no-remote" "-profile" "C:\\Users\\vartika\\AppData\\Local\\Temp\\rust_mozprofile.djmkVzyghm11"
1549896710321	addons.webextension.screenshots@mozilla.org	WARN	Loading extension 'screenshots@mozilla.org': Reading manifest: Invalid host permission: resource://pdf.js/
1549896710322	addons.webextension.screenshots@mozilla.org	WARN	Loading extension 'screenshots@mozilla.org': Reading manifest: Invalid host permission: about:reader*
[Parent 4216, Gecko_IOThread] WARNING: pipe error: 109: file z:/build/build/src/ipc/chromium/src/chrome/common/ipc_channel_win.cc, line 332
[Child 6716, Chrome_ChildThread] WARNING: pipe error: 109: file z:/build/build/src/ipc/chromium/src/chrome/common/ipc_channel_win.cc, line 332
[Child 6716, Chrome_ChildThread] WARNING: pipe error: 109: file z:/build/build/src1549896719703	Marionette	INFO	Listening on port 50348
1549896719748	Marionette	WARN	TLS certificate errors will be ignored for this session
console.error: BroadcastService: 
  receivedBroadcastMessage: handler for
  remote-settings/monitor_changes
  threw error:
  Message: Error: Polling for changes failed: NetworkError when attempting to fetch resource..
  Stack:
    remoteSettingsFunction/remoteSettings.pollChanges@resource://services-settings/remote-settings.js:188:13

[Parent 4216, Gecko_IOThread] WARNING: pipe error: 109: file z:/build/build/src/ipc/chromium/src/chrome/common/ipc_channel_win.cc, line 332
[Child 7080, Chrome_ChildThread] WARNING: pipe error: 109: file z:/build/build/src/ipc/chromium/src/chrome/common/ipc_channel_win.cc, line 332
[Child 7080, Ch[Child 6616, Chrome_ChildThread] WARNING: pipe error: 109: file z:/build/build/src/ipc/chromium/src/chrome/common/ipc_channel_win.cc, line 332
[Child 6616, Chrome_ChildThread] WARNING: pipe error: 109: file z:/build/build/src/ipc/chromium/src/chrome/common/ipc_channel_win.cc, line 332
[Child 4488, Chrome_ChildThread] WARNING: pipe error: 109: file z:/build/build/src/ipc/chromium/src/chrome/common/ipc_channel_win.cc, line 332
[Child 4488, Chrome_ChildThread] WARNING: pipe error: 109: file z:/build/build/src/ipc/chromium/src/chrome/comm1549896810062	Marionette	INFO	Stopped listening on port 50348
1549897115446	mozrunner::runner	INFO	Running command: "C:\\Program Files\\Mozilla Firefox\\firefox.exe" "-marionette" "-foreground" "-no-remote" "-profile" "C:\\Users\\vartika\\AppData\\Local\\Temp\\rust_mozprofile.pFHrybbhA0La"
1549897116063	addons.webextension.screenshots@mozilla.org	WARN	Loading extension 'screenshots@mozilla.org': Reading manifest: Invalid host permission: resource://pdf.js/
1549897116063	addons.webextension.screenshots@mozilla.org	WARN	Loading extension 'screenshots@mozilla.org': Reading manifest: Invalid host permission: about:reader*
1549897118436	Marionette	INFO	Listening on port 50628
1549897118675	Marionette	WARN	TLS certificate errors will be ignored for this session
[Parent 7124, Gecko_IOThread] WARNING: pipe error: 109: file z:/build/build/src/ipc/chromium/src/chrome/common/ipc_channel_win.cc, line 332
[Child 7172, Chrome_ChildThread] WARNING: pipe error: 109: file z:/build/build/src/ipc/chromium/src/chrome/common/ipc_channel_win.cc, line 332
[Child 7172, Chrome_ChildThread] WARNING: pipe error: 109: file z:/build/build/src/ipc/chromium/src/chrome/common/ipc_channel_win.cc, line 332
[Parent 7124, Gecko_IOThread] WARNING: pipe error: 109: file z:/build/build/src/ipc/chromium/src/chrome/common/ipc_channel_win.cc, line 332
[Child 7252, Chrome_ChildThread] WARNING: pipe error: 109: file z:/build/build/src/ipc/chromium/src/chrome/common/ipc_channel_win.cc, line 332
[Child 7252, Chrome_ChildThread] WARNING: pipe error: 109: file z:/build/build/src/ipc/chromium/src/chrome/common/ipc_channel_win.cc, line 332
[Parent 7124, Gecko_IOThread] WARNING: pipe error: 109: file z:/build/build/src/ipc/chromium/src/chrome/common/ipc_channel_win.cc, line 332
[Child 2228, Chrome_ChildThread] WARNING: pipe error: 109: file z:/build/build/src/ipc/chromium/src/chrome/common/ipc_channel_win.cc, line 332
[Child 2228, Chrome_ChildThread] WARNING: pipe error: 109: file[Parent 7124, Gecko_IOThread] WARNING: file z:/build/build/src/ipc/chromium/src/base/process_util_win.cc, line 166
1549897136629	Marionette	INFO	Stopped listening on port 50628
1549897187062	mozrunner::runner	INFO	Running command: "C:\\Program Files\\Mozilla Firefox\\firefox.exe" "-marionette" "-foreground" "-no-remote" "-profile" "C:\\Users\\vartika\\AppData\\Local\\Temp\\rust_mozprofile.3A95becv6wpF"
1549897187653	addons.webextension.screenshots@mozilla.org	WARN	Loading extension 'screenshots@mozilla.org': Reading manifest: Invalid host permission: resource://pdf.js/
1549897187654	addons.webextension.screenshots@mozilla.org	WARN	Loading extension 'screenshots@mozilla.org': Reading manifest: Invalid host permission: about:reader*
1549897190217	Marionette	INFO	Listening on port 50725
1549897190374	Marionette	WARN	TLS certificate errors will be ignored for this session
[Parent 8100, Gecko_IOThread] WARNING: pipe error: 109: file z:/build/build/src/ipc/chromium/src/chrome/common/ipc_channel_win.cc, line 332
[Child 1952, Chrome_ChildThread] WARNING: pipe error: 109: file z:/build/build/src/ipc/chromium/src/chrome/common/ipc_channel_win.cc, line 332
[Child 1952, Chrome_ChildThread] WARNING: pipe error: 109: file z:/build/build/src/ipc/chromium/src/chrome/common/ipc_channel_win.[Child 6408, Chrome_ChildThread] WARNING: pipe error: 109: file z:/build/build/src/ipc/chromium/src/chrome/common/ipc_channel_win.cc, line 332
[Child 6408, Chrome_ChildThread] WARNING: pipe error: 109: file z:/build/build/src/ipc/chromium/src/chrome/common/ipc_channel_win.cc, line 332
[Parent 8100, Gecko_IOThread] WARNING: pipe error: 109: file z:/build/build/src/ipc/chromium/src/chrome/common/ipc_channel_win.cc, line 332
[Child 5576, Chrome_ChildThread] WARNING: pipe error: 109: file z:/build/build/src/ipc/chromium/src/chrome/common/ipc_channel_win.cc, line 332
[Child 5576, Chrome_ChildThread] WARNING: pipe error: 109: file z:/build/build/[Parent 8100, Gecko_IOThread] WARNING: file z:/build/build/src/ipc/chromium/src/base/process_util_win.cc, line 166
1549897202517	Marionette	INFO	Stopped listening on port 50725
1549897230306	mozrunner::runner	INFO	Running command: "C:\\Program Files\\Mozilla Firefox\\firefox.exe" "-marionette" "-foreground" "-no-remote" "-profile" "C:\\Users\\vartika\\AppData\\Local\\Temp\\rust_mozprofile.HU7kvKYbTyzX"
1549897231008	addons.webextension.screenshots@mozilla.org	WARN	Loading extension 'screenshots@mozilla.org': Reading manifest: Invalid host permission: resource://pdf.js/
1549897231009	addons.webextension.screenshots@mozilla.org	WARN	Loading extension 'screenshots@mozilla.org': Reading manifest: Invalid host permission: about:reader*
1549897233469	Marionette	INFO	Listening on port 50819
1549897233584	Marionette	WARN	TLS certificate errors will be ignored for this session
[Parent 7084, Gecko_IOThread] WARNING: pipe error: 109: file z:/build/build/src/ipc/chromium/src/chrome/common/ipc_channel_win.cc, line 332
[Parent 7084, Gecko_IOThread] WARNING: pipe error: 109: file z:/build/build/src/ipc/chromium/src/chrome/common/ipc_channel_win.cc, line 332
[Child 2900, Chrome_ChildThread] WARNING: pipe error: 109: file z:/build/build/src/ipc/chromium/src/chrome/common/ipc_channel_win.cc, line 332
[Child 2900, Chrome_ChildThread] WARNING: pipe error: 109: file z:/build/build/src/ipc/chromium/sr[Child 6224, Chrome_ChildThread] WARNING: pipe error: 109: file z:/build/build/src/ipc/chromium/src/chrome/common/ipc_channel_win.cc, line 332
[Child 6224, Chrome_ChildThread] WARNING: pipe error: 109: file z:/build/build/src/ipc/chromium/src/chrome/common/ipc_channel_win.cc, line 332
[Parent 7084, Gecko_IOThread] WARNING: pipe error: 109: file z:/build/build/src/ipc/chromium/src/chrome/common/ipc_channel_win.cc, line 332
[Child 6544, Chrome_ChildThread] WARNING: pipe error: 109: file z:/build/build/src/ipc/chromium/src/chrome/common/ipc_channel_win.cc, line 332
[Child 6544, Chrome_ChildThread] WARNING: pipe error: 109: file z:/build[Parent 7084, Gecko_IOThread] WARNING: file z:/build/build/src/ipc/chromium/src/base/process_util_win.cc, line 166
1549897247496	Marionette	INFO	Stopped listening on port 50819
1549897529260	mozrunner::runner	INFO	Running command: "C:\\Program Files\\Mozilla Firefox\\firefox.exe" "-marionette" "-foreground" "-no-remote" "-profile" "C:\\Users\\vartika\\AppData\\Local\\Temp\\rust_mozprofile.KaPDMwWJvyNg"
1549897530068	addons.webextension.screenshots@mozilla.org	WARN	Loading extension 'screenshots@mozilla.org': Reading manifest: Invalid host permission: resource://pdf.js/
1549897530068	addons.webextension.screenshots@mozilla.org	WARN	Loading extension 'screenshots@mozilla.org': Reading manifest: Invalid host permission: about:reader*
1549897532623	Marionette	INFO	Listening on port 50920
1549897533076	Marionette	WARN	TLS certificate errors will be ignored for this session
[Parent 8064, Gecko_IOThread] WARNING: pipe error: 109: file z:/build/build/src/ipc/chromium/src/chrome/common/ipc_channel_win.cc, line 332
[Child 6612, Chrome_ChildThread] WARNING: pipe error: 109: file z:/build/build/src/ipc/chromium/src/chrome/common/ipc_channel_win.cc, line 332
[Child 6612, Chrome_ChildThread] WARNING: pipe error: 109: file z:/build/build/src/ipc/chromium/src/chrome/common/ipc_channel_win.cc, line 332
[Child 1556, Chrome_ChildThread] WARNING: pipe error: 109: file z:/build/build/src/ipc/chromium/src/chrome/common/ipc_channel_win.cc, line 332
[Child 1556, Chrome_ChildThread] WARNING: pipe error: 109: file z:/build/build/src/ipc/chromium/src/chrome/common/ipc_channel_win[Parent 8064, Gecko_IOThread] WARNING: pipe error: 109: file z:/build/build/src/ipc/chromium/src/chrome/common/ipc_channel_win.cc, line 332
[Child 2872, Chrome_ChildThread] WARNING: pipe error: 109: file z:/build/build/src/ipc/chromium/src/chrome/common/ipc_channel_win.cc, line 332
[Child 2872, Chrome_ChildThread] WARNING: pipe error: 109: file z:/build/build/src/ipc/chromi1549897544145	Marionette	INFO	Stopped listening on port 50920
1549898096985	mozrunner::runner	INFO	Running command: "C:\\Program Files\\Mozilla Firefox\\firefox.exe" "-marionette" "-foreground" "-no-remote" "-profile" "C:\\Users\\vartika\\AppData\\Local\\Temp\\rust_mozprofile.GK5JWlOV439e"
1549898097572	addons.webextension.screenshots@mozilla.org	WARN	Loading extension 'screenshots@mozilla.org': Reading manifest: Invalid host permission: resource://pdf.js/
1549898097572	addons.webextension.screenshots@mozilla.org	WARN	Loading extension 'screenshots@mozilla.org': Reading manifest: Invalid host permission: about:reader*
1549898099930	Marionette	INFO	Listening on port 51062
1549898100250	Marionette	WARN	TLS certificate errors will be ignored for this session
[Child 4216, Chrome_ChildThread] WARNING: pipe error: 109: file z:/build/build/src/ipc/chromium/src/chrome/common/ipc_channel_win.cc, line 332
[Child 4216, Chrome_ChildThread] WARN[Parent 3368, Gecko_IOThread] WARNING: pipe error: 109: file z:/build/build/src/ipc/chromium/src/chrome/common/ipc_channel_win.cc, line 332
[Child 6248, Chrome_ChildThread] WARNING: pipe error: 109: file z:/build/build/src/ipc/chromium/src/chrome/common/ipc_channel_win.cc, line 332
[Child 6248, Chrome_ChildThread] WARNING: pipe error: 109: file z:/build/build/src/ipc/chromium/src/chrome/common/ipc_channel_win.cc, line 332
[Parent 3368, Gecko_IOThread] WARNING: pipe error: 109: file z:/build/build/src/ipc/chromium/src/chrome/common/ipc_channel_win.cc, line 332
[Child 7776, Chrome_ChildThread] WARNING: pipe error: 109: file z:/build/build/src/ipc/chromium/src/chrome/common/ipc_channel_win.cc, line 332
[Child 7776, Chrome_ChildThread] WARNING: pipe error: 109: file z:/buil1549898113916	Marionette	INFO	Stopped listening on port 51062
1549898263616	mozrunner::runner	INFO	Running command: "C:\\Program Files\\Mozilla Firefox\\firefox.exe" "-marionette" "-foreground" "-no-remote" "-profile" "C:\\Users\\vartika\\AppData\\Local\\Temp\\rust_mozprofile.bbDl9xJmGGaI"
1549898264294	addons.webextension.screenshots@mozilla.org	WARN	Loading extension 'screenshots@mozilla.org': Reading manifest: Invalid host permission: resource://pdf.js/
1549898264294	addons.webextension.screenshots@mozilla.org	WARN	Loading extension 'screenshots@mozilla.org': Reading manifest: Invalid host permission: about:reader*
1549898266700	Marionette	INFO	Listening on port 51172
1549898266902	Marionette	WARN	TLS certificate errors will be ignored for this session
[Parent 6676, Gecko_IOThread] WARNING: pipe error: 109: file z:/build/build/src/ipc/chromium/src/chrome/common/ipc_channel_win.cc, line 332
[Parent 6676, Gecko_IOThread] WARNING: pipe error: 109: file z:/build/build/src/ipc/chromium/src/chrome/common/ipc_channel_win.cc, line 332
[Parent 6676, Gecko_IOThread] WARNING: pipe error: 109: file z:/build/build/src/ipc/chromium/src/chrome/common/ipc_channel_win.cc, line 332
[Parent 6676, Gecko_IOThread] WARNING: pipe error: 109: file z:/build/build/src/ipc/chromium/src/chrome/common/ipc_channel_win.cc, line 332
[Child 7728, Chrome_ChildThread] WARNING: pipe error: 109: file z:/build/build/src/ipc/chromium/src/chrome/common/ipc_channel_win.cc, line 332
[Child 7728, Chrome_ChildThread] WARNING: pipe error: 109: file z:/build/build/src/ipc/chromium/src/chrome/common/ipc_channel_win.cc, line 332
[Parent 6676, Gecko_IOThread] WARNING: file z:/build/build/src/ipc/chromium/src/base/process_util_win.cc, line 166
1549898316641	Marionette	INFO	Stopped listening on port 51172
1549898330731	mozrunner::runner	INFO	Running command: "C:\\Program Files\\Mozilla Firefox\\firefox.exe" "-marionette" "-foreground" "-no-remote" "-profile" "C:\\Users\\vartika\\AppData\\Local\\Temp\\rust_mozprofile.rFeYOuDwmISp"
1549898331980	addons.webextension.screenshots@mozilla.org	WARN	Loading extension 'screenshots@mozilla.org': Reading manifest: Invalid host permission: resource://pdf.js/
1549898331981	addons.webextension.screenshots@mozilla.org	WARN	Loading extension 'screenshots@mozilla.org': Reading manifest: Invalid host permission: about:reader*
1549898334453	Marionette	INFO	Listening on port 51309
1549898334557	Marionette	WARN	TLS certificate errors will be ignored for this session
[Child 6984, Chrome_ChildThread] WARNING: pipe error: 109: file z:/build/build/src/ipc/chromium/src/chrome/common/ipc_channel_win.cc, line 332
[Child 8012, Chrome_ChildThread] WARNING: pipe error: 109: file z:/build/build/src/ipc/chromium/src/chrome/common/ipc_channel_win.cc, line 332
[Parent 6476, Gecko_IOThread] WARNING: pipe error: 109: file z:/build/build/src/ipc/chromium/src/chrome/common/ipc_channel_win.cc, line 332
[Child 7256, Chrome_ChildThread] WARNING: pipe error: 109: file z:/build/build/src/ipc/chromium/src/chrome/common/ipc_channel_win.cc, line 332
[Child 7256, Chrome_ChildThread] WARNING: pipe error: 109: file z:/build/build/src/ipc/chromium/src/chrome/common/ipc_channel_win.cc, line 332
[Parent 6476, Gecko_IOThread] WARNING: file z:/build/build/src/ipc/chromium/src/base/process_util_win.cc, line 166
1549898353659	Marionette	INFO	Stopped listening on port 51309
1549898416074	mozrunner::runner	INFO	Running command: "C:\\Program Files\\Mozilla Firefox\\firefox.exe" "-marionette" "-foreground" "-no-remote" "-profile" "C:\\Users\\vartika\\AppData\\Local\\Temp\\rust_mozprofile.z0vjetswKtQU"
1549898417644	addons.webextension.screenshots@mozilla.org	WARN	Loading extension 'screenshots@mozilla.org': Reading manifest: Invalid host permission: resource://pdf.js/
1549898417644	addons.webextension.screenshots@mozilla.org	WARN	Loading extension 'screenshots@mozilla.org': Reading manifest: Invalid host permission: about:reader*
1549898420058	Marionette	INFO	Listening on port 51439
1549898420407	Marionette	WARN	TLS certificate errors will be ignored for this session
[Parent 7296, Gecko_IOThread] WARNING: pipe error: 109: file z:/build/build/src/ipc/chromium/src/chrome/common/ipc_channel_win.cc, line 332
[Parent 7296, Gecko_IOThread] WARNING: pipe error: 109: file z:/build/build/src/ipc/chromium/src/chrome/common/ipc_channel_win.cc, line 332
[Child 1920, Chrome_ChildThread] WARNING: pipe error: 109: file z:/build/build/src/ipc/chromium/src/chrome/common/ipc_channel_win.cc, line 332
[Child 1920, Chrome_ChildThread] WARNING: pipe error: 109: file z:/build/build/src/ipc/chromium/src/chrome/common/ipc_channel_win.cc, line 332
[Child 7404, Chrome_ChildThread] WARNING: pipe error: 109: file z:/build/build/src/ipc/chromium/src/chrome/common/ipc_channel_win.cc, line 332
[Child 7404, Chrome_ChildThread] WARNING: pipe error: 109: file z:/build/build/src/ipc/chromium/src/chrome/common/ipc_channel_win.cc, line 332
[Parent 7296, Gecko_IOThread] WARNING: file z:/build/build/src/ipc/chromium/src/base/process_util_win.cc, line 166
1549898450308	Marionette	INFO	Stopped listening on port 51439
1549898568572	mozrunner::runner	INFO	Running command: "C:\\Program Files\\Mozilla Firefox\\firefox.exe" "-marionette" "-foreground" "-no-remote" "-profile" "C:\\Users\\vartika\\AppData\\Local\\Temp\\rust_mozprofile.rnEBokeXLF9t"
1549898570388	addons.webextension.screenshots@mozilla.org	WARN	Loading extension 'screenshots@mozilla.org': Reading manifest: Invalid host permission: resource://pdf.js/
1549898570388	addons.webextension.screenshots@mozilla.org	WARN	Loading extension 'screenshots@mozilla.org': Reading manifest: Invalid host permission: about:reader*
1549898572889	Marionette	INFO	Listening on port 51580
1549898573046	Marionette	WARN	TLS certificate errors will be ignored for this session
1549898578986	Marionette	WARN	TimedPromise timed out after 500 ms: stacktrace:
bail@chrome://marionette/content/sync.js:196:64
send@https://ajax.googleapis.com/ajax/libs/jquery/1.7.2/jquery.min.js:4:17877
ajax@https://ajax.googleapis.com/ajax/libs/jquery/1.7.2/jquery.min.js:4:15042
domManip/<@https://ajax.googleapis.com/ajax/libs/jquery/1.7.2/jquery.min.js:4:2468
each@https://ajax.googleapis.com/ajax/libs/jquery/1.7.2/jquery.min.js:2:11774
domManip@https://ajax.googleapis.com/ajax/libs/jquery/1.7.2/jquery.min.js:4:2439
append@https://ajax.googleapis.com/ajax/libs/jquery/1.7.2/jquery.min.js:3:32403
html/<@https://ajax.googleapis.com/ajax/libs/jquery/1.7.2/jquery.min.js:4:1283
access@https://ajax.googleapis.com/ajax/libs/jquery/1.7.2/jquery.min.js:2:13264
html@https://ajax.googleapis.com/ajax/libs/jquery/1.7.2/jquery.min.js:4:874
insert@https://www.pfizerrxpathways.com/sites/default/files/js/js_q3HS-RHMe7bzy_gbV5kHjvkR6gn2pCI9J0bwQvfvngk.js:628:48
Drupal.ajax.prototype.success@https://www.pfizerrxpathways.com/sites/default/files/js/js_q3HS-RHMe7bzy_gbV5kHjvkR6gn2pCI9J0bwQvfvngk.js:539:44
success@https://www.pfizerrxpathways.com/sites/default/files/js/js_q3HS-RHMe7bzy_gbV5kHjvkR6gn2pCI9J0bwQvfvngk.js:299:14
a.fn.ajaxSubmit/c.success@https://www.pfizerrxpathways.com/sites/default/files/js/js_q3HS-RHMe7bzy_gbV5kHjvkR6gn2pCI9J0bwQvfvngk.js:110:6189
o@https://ajax.googleapis.com/ajax/libs/jquery/1.7.2/jquery.min.js:2:14728
fireWith@https://ajax.googleapis.com/ajax/libs/jquery/1.7.2/jquery.min.js:2:15502
w@https://ajax.googleapis.com/ajax/libs/jquery/1.7.2/jquery.min.js:4:12470
d@https://ajax.googleapis.com/ajax/libs/jquery/1.7.2/jquery.min.js:4:18318
[Parent 6944, Gecko_IOThread] WARNING: pipe error: 109: file z:/build/build/src/ipc/chromium/src/chrome/common/ipc_channel_win.cc, line 332
[Child 6360, Chrome_ChildThread] WARNING: pipe error: 109: file z:/build/build/src/ipc/chromium/src/chrome/common/ipc_channel_win.cc, line 332
[Child 6772, Chrome_ChildThread] WARNING: pipe error: 109: file z:/build/build/src/ipc/chromium/src/chrome/common/ipc_channel_win.cc, line 332
[Child 6772, Chrome_ChildThread] WARNING: pipe error: 109: file z:/build/build/src/ipc/chromium/src/chrome/common/ipc_channel_win.cc, line 332
[Parent 6944, Gecko_IOThread] WARNING: pipe error: 109: file z:/build/build/src/ipc/chromium/src/chrome/common/ipc_channel_win.cc, line 332
[Child 2180, Chrome_Child[Parent 6944, Gecko_IOThread] WARNING: file z:/build/build/src/ipc/chromium/src/base/process_util_win.cc, line 166
1549898587053	Marionette	INFO	Stopped listening on port 51580
1549898897657	mozrunner::runner	INFO	Running command: "C:\\Program Files\\Mozilla Firefox\\firefox.exe" "-marionette" "-foreground" "-no-remote" "-profile" "C:\\Users\\vartika\\AppData\\Local\\Temp\\rust_mozprofile.lcYXgGeVFNtY"
1549898899215	addons.webextension.screenshots@mozilla.org	WARN	Loading extension 'screenshots@mozilla.org': Reading manifest: Invalid host permission: resource://pdf.js/
1549898899216	addons.webextension.screenshots@mozilla.org	WARN	Loading extension 'screenshots@mozilla.org': Reading manifest: Invalid host permission: about:reader*
1549898901650	Marionette	INFO	Listening on port 51719
1549898902007	Marionette	WARN	TLS certificate errors will be ignored for this session
1549898909463	Marionette	WARN	TimedPromise timed out after 500 ms: stacktrace:
bail@chrome://marionette/content/sync.js:196:64
send@https://ajax.googleapis.com/ajax/libs/jquery/1.7.2/jquery.min.js:4:17877
ajax@https://ajax.googleapis.com/ajax/libs/jquery/1.7.2/jquery.min.js:4:15042
domManip/<@https://ajax.googleapis.com/ajax/libs/jquery/1.7.2/jquery.min.js:4:2468
each@https://ajax.googleapis.com/ajax/libs/jquery/1.7.2/jquery.min.js:2:11774
domManip@https://ajax.googleapis.com/ajax/libs/jquery/1.7.2/jquery.min.js:4:2439
append@https://ajax.googleapis.com/ajax/libs/jquery/1.7.2/jquery.min.js:3:32403
html/<@https://ajax.googleapis.com/ajax/libs/jquery/1.7.2/jquery.min.js:4:1283
access@https://ajax.googleapis.com/ajax/libs/jquery/1.7.2/jquery.min.js:2:13264
html@https://ajax.googleapis.com/ajax/libs/jquery/1.7.2/jquery.min.js:4:874
insert@https://www.pfizerrxpathways.com/sites/default/files/js/js_q3HS-RHMe7bzy_gbV5kHjvkR6gn2pCI9J0bwQvfvngk.js:628:48
Drupal.ajax.prototype.success@https://www.pfizerrxpathways.com/sites/default/files/js/js_q3HS-RHMe7bzy_gbV5kHjvkR6gn2pCI9J0bwQvfvngk.js:539:44
success@https://www.pfizerrxpathways.com/sites/default/files/js/js_q3HS-RHMe7bzy_gbV5kHjvkR6gn2pCI9J0bwQvfvngk.js:299:14
a.fn.ajaxSubmit/c.success@https://www.pfizerrxpathways.com/sites/default/files/js/js_q3HS-RHMe7bzy_gbV5kHjvkR6gn2pCI9J0bwQvfvngk.js:110:6189
o@https://ajax.googleapis.com/ajax/libs/jquery/1.7.2/jquery.min.js:2:14728
fireWith@https://ajax.googleapis.com/ajax/libs/jquery/1.7.2/jquery.min.js:2:15502
w@https://ajax.googleapis.com/ajax/libs/jquery/1.7.2/jquery.min.js:4:12470
d@https://ajax.googleapis.com/ajax/libs/jquery/1.7.2/jquery.min.js:4:18318
1549898910717	Marionette	INFO	Stopped listening on port 51719
[Parent 6612, Gecko_IOThread] WARNING: pipe error: 109: file z:/build/build/src/ipc/chromium/src/chrome/common/ipc_channel_win.cc, line 332
[Child 7900, Chrome_ChildThread] WARNING: pipe error: 109: file z:/build/build/src/ipc/chromium/src/chrome/common/ipc_channel_win.cc, line 332
[Child 7900, Chrome_ChildThread] WARNING: pipe error: [Parent 6612, Gecko_IOThread] WARNING: file z:/build/build/src/ipc/chromium/src/base/process_util_win.cc, line 166
[Child 6824, Chrome_ChildThread] WARNING: pipe error: 109: file z:/build/build/src/ipc/chromium/src/chrome/common/ipc_channel_win.cc, line 332
[Child 6824, Chrome_ChildThread] WARNING: pipe error: 109: file z:/build/build/src/ipc/chromi[Parent 6612, Gecko_IOThread] WARNING: pipe error: 109: file z:/build/build/src/ipc/chromium/src/chrome/common/ipc_channel_win.cc, line 332
[Child 7508, Chrome_ChildThread] WARNING: pipe error: 109: file z:/build/build/src/ipc/chromium/src/chrome/common/ipc_channel_win.cc, line 332
[Child 7508, Chrome_ChildThread] WARNING: pipe error: 109: file z:/build/build/src/1549906653157	mozrunner::runner	INFO	Running command: "C:\\Program Files\\Mozilla Firefox\\firefox.exe" "-marionette" "-foreground" "-no-remote" "-profile" "C:\\Users\\vartika\\AppData\\Local\\Temp\\rust_mozprofile.zcOQ6MuBEAiL"
1549906654784	addons.webextension.screenshots@mozilla.org	WARN	Loading extension 'screenshots@mozilla.org': Reading manifest: Invalid host permission: resource://pdf.js/
1549906654785	addons.webextension.screenshots@mozilla.org	WARN	Loading extension 'screenshots@mozilla.org': Reading manifest: Invalid host permission: about:reader*
[Parent 4128, Gecko_IOThread] WARNING: pipe error: 109: file z:/build/build/src/ipc/chromium/src/chrome/common/ipc_channel_win.cc, line 332
1549906664338	Marionette	INFO	Listening on port 50045
[Child 3760, Chrome_ChildThread] WARNING: pipe error: 109: file z:/build/build/src/ipc/chromium/src/chrome/common/ipc_channel_win.cc, line 332
[Child 3760, Chrome_ChildThread] WARNING: pipe error: 109: file z:/build/build/src/ipc/chromium/src/chrome/common/ipc_channel_win.cc, line 332
[Parent 4128, Gecko_IOThread] WARNING: file z:/build/build/src/ipc/chromium/src/base/process_util_win.cc, line 166
1549906664816	Marionette	WARN	TLS certificate errors will be ignored for this session
1549906675314	Marionette	WARN	TimedPromise timed out after 500 ms: stacktrace:
bail@chrome://marionette/content/sync.js:196:64
[Parent 4128, Gecko_IOThread] WARNING: pipe error: 109: file z:/build/build/src/ipc/chromium/src/chrome/common/ipc_channel_win.cc, line 332
[Parent 4128, Gecko_IOThread] WARNING: pipe error: 109: file z:/build/build/src/ipc/chromium/src/chrome/common/ipc_channel_win.cc, line 332
[Child 3328, Chrome_ChildThread] WARNING: pipe error: 109: file z:/build/build/src/ipc/chromium/src/chrome/common/ipc_channel_win.cc, line 332
[Child 2548, Chrome_ChildThread] WARNING: pipe error: 109: file z:/build/build/src/ipc/chromium/src/chrome/common/ipc_channel_win.cc, line 332
[Child 2548, Chrome_ChildThread] WARNING: pipe error: 109: file z:/build/build/src/ipc/chromium/src/chrome/common/ipc_channel_win.cc, line 332
[Parent 4128, Gecko_IOThread] WARNING: pipe error: 109: file z:/build/build/src/ipc/chromium/src/chrome/common/ipc_channel_win.cc, line 332
[Child 2704, Chrome_ChildThread] WARNING: pipe error: 109: file z:/build/build/src/ipc/chromium/src/chrome/common/ipc_channel_win.cc, line 332
[Child 2704, Chrome_ChildThread][Parent 4128, Gecko_IOThread] WARNING: file z:/build/build/src/ipc/chromium/src/base/process_util_win.cc, line 166
1549906718753	Marionette	INFO	Stopped listening on port 50045
1549906726880	mozrunner::runner	INFO	Running command: "C:\\Program Files\\Mozilla Firefox\\firefox.exe" "-marionette" "-foreground" "-no-remote" "-profile" "C:\\Users\\vartika\\AppData\\Local\\Temp\\rust_mozprofile.U9fSAmhwi3cp"
1549906728484	addons.webextension.screenshots@mozilla.org	WARN	Loading extension 'screenshots@mozilla.org': Reading manifest: Invalid host permission: resource://pdf.js/
1549906728484	addons.webextension.screenshots@mozilla.org	WARN	Loading extension 'screenshots@mozilla.org': Reading manifest: Invalid host permission: about:reader*
1549906731950	Marionette	INFO	Listening on port 50167
1549906732314	Marionette	WARN	TLS certificate errors will be ignored for this session
1549906740863	Marionette	WARN	TimedPromise timed out after 500 ms: stacktrace:
bail@chrome://marionette/content/sync.js:196:64
[Parent 2756, Gecko_IOThread] WARNING: pipe error: 109: file z:/build/build/src/ipc/chromium/src/chrome/common/ipc_channel_win.cc, line 332
[Parent 2756, Gecko_IOThread] WARNING: pipe error: 109: file z:/build/build/src/ipc/chromium/src/chrome/common/ipc_channel_win.cc, line 332
[Child 5012, Chrome_ChildThread] WARNING: pipe error: 109: file z:/build/build/src/ipc/chromium/src/chrome/common/ipc_channel_win.cc, line 332
[Child 1184, Chrome_ChildThread] WARNING: pipe error: 109: file z:/build/build/src/ipc/chromium/src/chrome/common/ipc_channel_win.cc, line 332
[Child 1184, Chrome_ChildThread] WARNING: pipe error: 109: file z:/build/build/src/ipc/chromium/src/chrome/common/ipc_channel_win.cc, line 332
[Parent 2756, Gecko_IOThread] WARNING: pipe error: 109: file z:/build/build/src/ipc/chromium/src/chrome/common/ipc_channel_win.cc, line 332
[Child 4544, Chrome_ChildThread] WARNING: pipe error: 109: file z:/build/build/src/ipc/chromium/src/chrome/common/ipc_channel_win.cc, line 332
[Child 4544[Parent 2756, Gecko_IOThread] WARNING: file z:/build/build/src/ipc/chromium/src/base/process_util_win.cc, line 166
1549906773796	Marionette	INFO	Stopped listening on port 50167
1549907613343	mozrunner::runner	INFO	Running command: "C:\\Program Files\\Mozilla Firefox\\firefox.exe" "-marionette" "-foreground" "-no-remote" "-profile" "C:\\Users\\vartika\\AppData\\Local\\Temp\\rust_mozprofile.6h5NKUGg6FS0"
1549907615056	addons.webextension.screenshots@mozilla.org	WARN	Loading extension 'screenshots@mozilla.org': Reading manifest: Invalid host permission: resource://pdf.js/
1549907615057	addons.webextension.screenshots@mozilla.org	WARN	Loading extension 'screenshots@mozilla.org': Reading manifest: Invalid host permission: about:reader*
1549907618478	Marionette	INFO	Listening on port 50307
1549907618883	Marionette	WARN	TLS certificate errors will be ignored for this session
1549907649442	Marionette	WARN	TimedPromise timed out after 500 ms: stacktrace:
bail@chrome://marionette/content/sync.js:196:64
console.error: BroadcastService: 
  receivedBroadcastMessage: handler for
  remote-settings/monitor_changes
  threw error:
  Message: Error: Polling for changes failed: NetworkError when attempting to fetch resource..
  Stack:
    remoteSettingsFunction/remoteSettings.pollChanges@resource://services-settings/remote-settings.js:188:13

[Parent 6352, Gecko_IOThread] WARNING: pipe error: 109: file z:/build/build/src/ipc/chromium/src/chrome/common/ipc_channel_win.cc, line 332
[Parent 6352, Gecko_IOThread] WARNING: pipe error: 109: file z:/build/build/src/ipc/chromium/src/chrome/common/ipc_channel_win.cc, line 332
[Child 6520, Chrome_ChildThread] WARNING: pipe error: 109: file z:/build/build/src/ipc/chromium/src/chrome/common/ipc_channel_win.cc, line 332
[Child 3472, Chrome_ChildThread] WARNING: pipe error: 109: file z:/build/build/src/ipc/chromium/src/chrome/common/ipc_channel_win.cc, line 332
[Parent 6352, Gecko_IOThread] WARNING: file z:/build/build/src/ipc/chromium/src/base/process_util_win.cc, line 166
[Parent 6352, Gecko_IOThread] WARNING: file z:/build/build/src/ipc/chromium/src/base/process_util_win.cc, line 166
[Parent 6352, Gecko_IOThread] WARNING: pipe error: 109: file z:/build/build/src/ipc/chromium/src/chrome/common/ipc_channel_win.cc, line 332
[Child 6548, Chrome_ChildThread] WARNING: pipe error: 109: file z:/build/build/src/ipc/chromium/src/chrome/common/ipc_channel_win.cc, line 332
[Child 6548, Chrome_ChildThread] WARNING: pipe error: 109: file z:/build/build/src/ipc/chromium/src/chr[Parent 6352, Gecko_IOThread] WARNING: file z:/build/build/src/ipc/chromium/src/base/process_util_win.cc, line 166
1549907716879	Marionette	INFO	Stopped listening on port 50307
1549908362381	mozrunner::runner	INFO	Running command: "C:\\Program Files\\Mozilla Firefox\\firefox.exe" "-marionette" "-foreground" "-no-remote" "-profile" "C:\\Users\\vartika\\AppData\\Local\\Temp\\rust_mozprofile.dBHpLZ6FFfAT"
1549908364785	addons.webextension.screenshots@mozilla.org	WARN	Loading extension 'screenshots@mozilla.org': Reading manifest: Invalid host permission: resource://pdf.js/
1549908364785	addons.webextension.screenshots@mozilla.org	WARN	Loading extension 'screenshots@mozilla.org': Reading manifest: Invalid host permission: about:reader*
1549908367645	Marionette	INFO	Listening on port 50816
1549908367977	Marionette	WARN	TLS certificate errors will be ignored for this session
1549908378582	Marionette	WARN	TimedPromise timed out after 500 ms: stacktrace:
bail@chrome://marionette/content/sync.js:196:64
1549908381916	Marionette	INFO	Stopped listening on port 50816
[Parent 6436, Gecko_IOThread] WARNING: pipe error: 109: file z:/build/build/src/ipc/chromium/src/chrome/common/ipc_channel_win.cc, line 332
[Child 5620, Chrome_ChildThread] WARNING: pipe error: 109: file z:/build/build/src/ipc/chromium/src/chrome/common/ipc_channel_win.cc, line 332
[Child 5620, Chrome_ChildThread] WARNING: pipe erro[Child 5100, Chrome_ChildThread] WARNING: pipe error: 232: file z:/build/build/src/ipc/chromium/src/chrome/common/ipc_channel_win.cc, line 493
[Child 5100, Chrome_ChildThread] WARNING: pipe error: 109: file z:/build/build/src/ipc/chromium/src/chrome/common/ipc_channel_win.cc, line 332
[Child 5100, Chrome_ChildThread] WARNING: pipe error: 109: file z:/build/build/src/ipc/chromium/src/chrome/common/ipc_channel_win.cc, line 332
[Parent 6436, Gecko_IOThread] WARNING: pipe error: 109: file z:/build/build/src/ipc/chromium/src/chrome/common/ipc_channel_win.cc, line 332
[Child 5080, Chrome_ChildThread] WARNING: pipe error: 109: file z:/build/build/src/ipc/chromium/src/chrome/common/ipc_channel_win.cc, line 332
[Child 5080, Chrome_ChildThread] WARNING: pipe error: 109: file z:/build1549908421213	mozrunner::runner	INFO	Running command: "C:\\Program Files\\Mozilla Firefox\\firefox.exe" "-marionette" "-foreground" "-no-remote" "-profile" "C:\\Users\\vartika\\AppData\\Local\\Temp\\rust_mozprofile.GbToLhkelNbr"
1549908422986	addons.webextension.screenshots@mozilla.org	WARN	Loading extension 'screenshots@mozilla.org': Reading manifest: Invalid host permission: resource://pdf.js/
1549908422987	addons.webextension.screenshots@mozilla.org	WARN	Loading extension 'screenshots@mozilla.org': Reading manifest: Invalid host permission: about:reader*
1549908426671	Marionette	INFO	Listening on port 51006
1549908426753	Marionette	WARN	TLS certificate errors will be ignored for this session
1549908435217	Marionette	WARN	TimedPromise timed out after 500 ms: stacktrace:
bail@chrome://marionette/content/sync.js:196:64
1549908437592	Marionette	INFO	Stopped listening on port 51006
[Parent 8084, Gecko_IOThread] WARNING: pipe error: 109: file z:/build/build/src/ipc/chromium/src/chrome/common/ipc_channel_win.cc, line 332
[Child 6416, Chrome_ChildThread] WARNING: pipe error: 109: file z:/build/build/src/ipc/chromium/src/chrome/common/ipc_channel_win.cc, line 332
[Parent 8084, Gecko_IOThread] WARNING: pipe error: 109: file z:/build/build/src/ipc/chromium/src/chrome/common/ipc_channel_win.cc, line 332
[Child 7204, Chrome_ChildThread] WARNING: pipe error: 109: file z:/build/build/src/ipc/chromium/src/chrome/common/ipc_channel_win.cc, line 332

###!!! [Child][RunMessage] Error: Channel closing: too late to send/recv, messages will be lost

[Child 6348, Chrome_ChildThread] WARNING: pipe error: 109: file z:/build/build/src/ipc/chromium/src/chrome/common/ipc_channel_win.cc, line 332
[Child 6348, Chrome_ChildThread] WARNING: pipe error: 109: file z:/build/buil1549908562378	mozrunner::runner	INFO	Running command: "C:\\Program Files\\Mozilla Firefox\\firefox.exe" "-marionette" "-foreground" "-no-remote" "-profile" "C:\\Users\\vartika\\AppData\\Local\\Temp\\rust_mozprofile.tlNWdcNBwbOu"
1549908564387	addons.webextension.screenshots@mozilla.org	WARN	Loading extension 'screenshots@mozilla.org': Reading manifest: Invalid host permission: resource://pdf.js/
1549908564387	addons.webextension.screenshots@mozilla.org	WARN	Loading extension 'screenshots@mozilla.org': Reading manifest: Invalid host permission: about:reader*
1549908568324	Marionette	INFO	Listening on port 51368
1549908568545	Marionette	WARN	TLS certificate errors will be ignored for this session
console.error: BroadcastService: 
  receivedBroadcastMessage: handler for
  remote-settings/monitor_changes
  threw error:
  Message: Error: Polling for changes failed: NetworkError when attempting to fetch resource..
  Stack:
    remoteSettingsFunction/remoteSettings.pollChanges@resource://services-settings/remote-settings.js:188:13

[Parent 8188, Gecko_IOThread] WARNING: pipe error: 109: file z:/build/build/src/ipc/chromium/src/chrome/common/ipc_channel_win.cc, line 332
[Parent 8188, Gecko_IOThread] WARNING: pipe error: 109: file z:/build/build/src/ipc/chromium/src/chrome/common/ipc_channel_win.cc, line 332
[Child 6840, Chrome_ChildThread] WARNING: pipe error: 109: file z:/build/build/src/ipc/chromium/src/chrome/common/ipc_channel_win.cc, line 332
[Child 6840, Chrome_ChildThread] WARNING: pipe error: 109: file z:/build/build/src/ipc/c[Child 4568, Chrome_ChildThread] WARNING: pipe error: 109: file z:/build/build/src/ipc/chromium/src/chrome/common/ipc_channel_win.cc, line 332
[Child 4568, Chrome_ChildThread] WARNING: pipe error: 109: file z:/build/build/src/ipc/chromium/src/chrome/common/ipc_channel_win.cc, line 332
[Parent 8188, Gecko_IOThread] WARNING: pipe error: 109: file z:/build/build/src/ipc/chromium/src/chrome/common/ipc_channel_win.cc, line 332
[Child 6388, Chrome_ChildThread] WARNING: pipe error: 109: file z:/build/build/src/ipc/chromium/src/chrome/common/ipc_channel_win.cc, line 332
[Child 6388, Chrome_ChildThread] WARNING: pipe error: 109: file z:/build/build/src/ipc/chromium/src/[Parent 8188, Gecko_IOThread] WARNING: file z:/build/build/src/ipc/chromium/src/base/process_util_win.cc, line 166
1549908638114	Marionette	INFO	Stopped listening on port 51368
Thread] WARNING: pip[Child 7320, Chrome_ChildThread] WARNING: pipe error: 109: file z:/build/build/src/ipc/chromium/src/chrome/common/ipc_channel_win.cc, line 332
[Child 7320, Chrome_ChildThread] WARNING: pipe error: 109: file z:/build/build/src/ipc/chromium/src/chrome/common/ipc_channel_win.cc, line 332
[Parent 4936, Gecko_IOThread] WARNING: pipe error: 109: file z:/build/build/src/ipc/chromium/src/chrome/common/ipc_channel_win.cc, line 332
[Child 6204, Chrome_ChildThread] WARNING: pipe error: 109: file z:/build/build/src/ipc/chromium/src/chrome/common/ipc_channel_win.cc, line 332
[Child 6204, Chrome_ChildThread] WARNING: pipe error: 109: file z:/build/build/src/ipc/chromium/src/chrome/common/ipc_channel_win.cc, line 332
1549908620320	Marionette	INFO	Stopped listening on port 51476
1549908750781	mozrunner::runner	INFO	Running command: "C:\\Program Files\\Mozilla Firefox\\firefox.exe" "-marionette" "-foreground" "-no-remote" "-profile" "C:\\Users\\vartika\\AppData\\Local\\Temp\\rust_mozprofile.jKQ926sFTcl9"
1549908752788	addons.webextension.screenshots@mozilla.org	WARN	Loading extension 'screenshots@mozilla.org': Reading manifest: Invalid host permission: resource://pdf.js/
1549908752789	addons.webextension.screenshots@mozilla.org	WARN	Loading extension 'screenshots@mozilla.org': Reading manifest: Invalid host permission: about:reader*
1549908755879	Marionette	INFO	Listening on port 51912
1549908756283	Marionette	WARN	TLS certificate errors will be ignored for this session
1549908768127	Marionette	WARN	TimedPromise timed out after 500 ms: stacktrace:
bail@chrome://marionette/content/sync.js:196:64
send@https://ajax.googleapis.com/ajax/libs/jquery/1.7.2/jquery.min.js:4:17877
ajax@https://ajax.googleapis.com/ajax/libs/jquery/1.7.2/jquery.min.js:4:15042
domManip/<@https://ajax.googleapis.com/ajax/libs/jquery/1.7.2/jquery.min.js:4:2468
each@https://ajax.googleapis.com/ajax/libs/jquery/1.7.2/jquery.min.js:2:11774
domManip@https://ajax.googleapis.com/ajax/libs/jquery/1.7.2/jquery.min.js:4:2439
append@https://ajax.googleapis.com/ajax/libs/jquery/1.7.2/jquery.min.js:3:32403
html/<@https://ajax.googleapis.com/ajax/libs/jquery/1.7.2/jquery.min.js:4:1283
access@https://ajax.googleapis.com/ajax/libs/jquery/1.7.2/jquery.min.js:2:13264
html@https://ajax.googleapis.com/ajax/libs/jquery/1.7.2/jquery.min.js:4:874
insert@https://www.pfizerrxpathways.com/sites/default/files/js/js_q3HS-RHMe7bzy_gbV5kHjvkR6gn2pCI9J0bwQvfvngk.js:628:48
Drupal.ajax.prototype.success@https://www.pfizerrxpathways.com/sites/default/files/js/js_q3HS-RHMe7bzy_gbV5kHjvkR6gn2pCI9J0bwQvfvngk.js:539:44
success@https://www.pfizerrxpathways.com/sites/default/files/js/js_q3HS-RHMe7bzy_gbV5kHjvkR6gn2pCI9J0bwQvfvngk.js:299:14
a.fn.ajaxSubmit/c.success@https://www.pfizerrxpathways.com/sites/default/files/js/js_q3HS-RHMe7bzy_gbV5kHjvkR6gn2pCI9J0bwQvfvngk.js:110:6189
o@https://ajax.googleapis.com/ajax/libs/jquery/1.7.2/jquery.min.js:2:14728
fireWith@https://ajax.googleapis.com/ajax/libs/jquery/1.7.2/jquery.min.js:2:15502
w@https://ajax.googleapis.com/ajax/libs/jquery/1.7.2/jquery.min.js:4:12470
d@https://ajax.googleapis.com/ajax/libs/jquery/1.7.2/jquery.min.js:4:18318
1549908769695	Marionette	INFO	Stopped listening on port 51912
[Parent 4492, Gecko_IOThread] WARNING: pipe error: 109: file z:/build/build/src/ipc/chromium/src/chrome/common/ipc_channel_win.cc, line 332
[Child 5868, Chrome_ChildThread] WARNING: pipe error: 109: file z:/build/build/src/ipc/chromium/src/chrome/common/ipc_channel_win.cc, line 332
[Parent 4492, Gecko_IOThread] WARNING: pipe error: 109: file z:/build/build/src/ipc/chromium/src/chrome/common/ipc_channel_win.cc, line 332
[Child 4304, Chrome_ChildThread] WARNING: pipe error: 109: file z:/build/build/src/ipc/chromium/src/chrome/common/ipc_channel_win.cc, line 332
[Child 4304, Chrome_ChildThread] WARNING: pipe error: 109: file z:/build/build/src/ipc/chromium/src/chrome/common/ipc_channel_win.cc, line 332
[Parent 4492, Gecko_IOThread] WARNING: pipe error: 109: file z:/build/build/src/ipc/chromium/src/chrome/common/ipc_channel_win.cc, line 332
[Child 7260, Chrome_ChildThread] WARNING: pipe error: 109: file z:/build/build/src/ipc/chromium/src/chrome/common/ipc_channel_win.cc, line 332
[Child 7260, Chrome_ChildThread] WARNING: pipe error: 109: file z:/build/build/src/ipc/chromium/src/chrome/common/ipc_channel_win.cc, line 332
[Parent 4492, Gecko_IOThread] WARNING: file z:/build/build/src/ipc/chromium/src/base/process_util_win.cc, line 166
1549908890775	mozrunner::runner	INFO	Running command: "C:\\Program Files\\Mozilla Firefox\\firefox.exe" "-marionette" "-foreground" "-no-remote" "-profile" "C:\\Users\\vartika\\AppData\\Local\\Temp\\rust_mozprofile.eBYh0v2UC6yQ"
1549908891643	addons.webextension.screenshots@mozilla.org	WARN	Loading extension 'screenshots@mozilla.org': Reading manifest: Invalid host permission: resource://pdf.js/
1549908891644	addons.webextension.screenshots@mozilla.org	WARN	Loading extension 'screenshots@mozilla.org': Reading manifest: Invalid host permission: about:reader*
1549908895249	Marionette	INFO	Listening on port 52227
1549908895704	Marionette	WARN	TLS certificate errors will be ignored for this session
1549908903001	Marionette	WARN	TimedPromise timed out after 500 ms: stacktrace:
bail@chrome://marionette/content/sync.js:196:64
console.error: BroadcastService: 
  receivedBroadcastMessage: handler for
  remote-settings/monitor_changes
  threw error:
  Message: Error: Polling for changes failed: NetworkError when attempting to fetch resource..
  Stack:
    remoteSettingsFunction/remoteSettings.pollChanges@resource://services-settings/remote-settings.js:188:13

[Parent 6848, Gecko_IOThread] WARNING: pipe error: 109: file z:/build/build/src/ipc/chromium/src/chrome/common/ipc_channel_win.cc, line 332
[Child 7456, Chrome_ChildThread] WARNING: pipe error: 109: file z:/build/build/src/ipc/chromium/src/chrome/common/ipc_channel_win.cc, line 332
[Child 1548, Chrome_ChildThread] WARNING: pipe error: 109: file z:/build/build/src/ipc/chromium/src/chrome/common/ipc_channel_win.cc, line 332
[Child 1548, Chrome_ChildThread] WARNING: pipe error: 109: file z:/build/build/src/ipc/chromium/src/chrome/common/ipc_channel_win.cc, line 332
[Parent 6848, Gecko_IOThread] WARNING: pipe error: 109: file z:/build/build/src/ipc/chromium/src/chrome/common/ipc_channel_win.cc, line 332
[Child 2752, Chrome_ChildThread] WARNING: pipe error: 109: file z:/build/build/src/ipc/chromium/src/chrome/common/ipc_channel_win.cc, line 332
1549908940903	Marionette	INFO	Stopped listening on port 52227
1549909240487	mozrunner::runner	INFO	Running command: "C:\\Program Files\\Mozilla Firefox\\firefox.exe" "-marionette" "-foreground" "-no-remote" "-profile" "C:\\Users\\vartika\\AppData\\Local\\Temp\\rust_mozprofile.mErSYTYslONK"
1549909241440	addons.webextension.screenshots@mozilla.org	WARN	Loading extension 'screenshots@mozilla.org': Reading manifest: Invalid host permission: resource://pdf.js/
1549909241440	addons.webextension.screenshots@mozilla.org	WARN	Loading extension 'screenshots@mozilla.org': Reading manifest: Invalid host permission: about:reader*
1549909244718	Marionette	INFO	Listening on port 52842
1549909244909	Marionette	WARN	TLS certificate errors will be ignored for this session
1549909256020	Marionette	WARN	TimedPromise timed out after 500 ms: stacktrace:
bail@chrome://marionette/content/sync.js:196:64
send@https://ajax.googleapis.com/ajax/libs/jquery/1.7.2/jquery.min.js:4:17877
ajax@https://ajax.googleapis.com/ajax/libs/jquery/1.7.2/jquery.min.js:4:15042
domManip/<@https://ajax.googleapis.com/ajax/libs/jquery/1.7.2/jquery.min.js:4:2468
each@https://ajax.googleapis.com/ajax/libs/jquery/1.7.2/jquery.min.js:2:11774
domManip@https://ajax.googleapis.com/ajax/libs/jquery/1.7.2/jquery.min.js:4:2439
append@https://ajax.googleapis.com/ajax/libs/jquery/1.7.2/jquery.min.js:3:32403
html/<@https://ajax.googleapis.com/ajax/libs/jquery/1.7.2/jquery.min.js:4:1283
access@https://ajax.googleapis.com/ajax/libs/jquery/1.7.2/jquery.min.js:2:13264
html@https://ajax.googleapis.com/ajax/libs/jquery/1.7.2/jquery.min.js:4:874
insert@https://www.pfizerrxpathways.com/sites/default/files/js/js_q3HS-RHMe7bzy_gbV5kHjvkR6gn2pCI9J0bwQvfvngk.js:628:48
Drupal.ajax.prototype.success@https://www.pfizerrxpathways.com/sites/default/files/js/js_q3HS-RHMe7bzy_gbV5kHjvkR6gn2pCI9J0bwQvfvngk.js:539:44
success@https://www.pfizerrxpathways.com/sites/default/files/js/js_q3HS-RHMe7bzy_gbV5kHjvkR6gn2pCI9J0bwQvfvngk.js:299:14
a.fn.ajaxSubmit/c.success@https://www.pfizerrxpathways.com/sites/default/files/js/js_q3HS-RHMe7bzy_gbV5kHjvkR6gn2pCI9J0bwQvfvngk.js:110:6189
o@https://ajax.googleapis.com/ajax/libs/jquery/1.7.2/jquery.min.js:2:14728
fireWith@https://ajax.googleapis.com/ajax/libs/jquery/1.7.2/jquery.min.js:2:15502
w@https://ajax.googleapis.com/ajax/libs/jquery/1.7.2/jquery.min.js:4:12470
d@https://ajax.googleapis.com/ajax/libs/jquery/1.7.2/jquery.min.js:4:18318
1549909258019	Marionette	INFO	Stopped listening on port 52842
[Parent 2420, Gecko_IOThread] WARNING: pipe error: 109: file z:/build/build/src/ipc/chromium/src/chrome/common/ipc_channel_win.cc, line 332
[Child 6616, Chrome_ChildThread] WARNING: pipe error: 109: file z:/build/build/src/ipc/chromium/src/chrome/common/ipc_channel_win.cc, line 332
[Child 6616, Chrome_ChildThread] WARNING: pipe err[Parent 2420, Gecko_IOThread] WARNING: pipe error: 109: file z:/build/build/src/ipc/chromium/src/chrome/common/ipc_channel_win.cc, line 332

###!!! [Child][MessageChannel] Error: (msgtype=0x5F0029,name=PNecko::Msg_RemoveRequestContext) Channel closing: too late to send/recv, messages will be lost

[Child 7508, Chrome_ChildThread] WARNING: pipe error: 109: file z:/build/build/src/ipc/chromiu[Parent 2420, Gecko_IOThread] WARNING: file z:/build/build/src/ipc/chromium/src/base/process_util_win.cc, line 166
[Parent 2420, Gecko_IOThread] WARNING: pipe error: 109: file z:/build/build/src/ipc/chromium/src/chrome/common/ipc_channel_win.cc, line 332
[Child 2684, Chrome_ChildThread] WARNING: pipe error: 109: file z:/build/build/src/ipc/chromium/src/chrome/common/ipc_channel_win.cc, line 332
[Child 2684, Chrome_ChildThread] WARNING: pipe error: 109: file z:/build/build/src/ipc/chromium/src/chrome/co[Parent 2420, Gecko_IOThread] WARNING: file z:/build/build/src/ipc/chromium/src/base/process_util_win.cc, line 166
1549909282734	mozrunner::runner	INFO	Running command: "C:\\Program Files\\Mozilla Firefox\\firefox.exe" "-marionette" "-foreground" "-no-remote" "-profile" "C:\\Users\\vartika\\AppData\\Local\\Temp\\rust_mozprofile.oirJm3mfxNxC"
1549909284420	addons.webextension.screenshots@mozilla.org	WARN	Loading extension 'screenshots@mozilla.org': Reading manifest: Invalid host permission: resource://pdf.js/
1549909284420	addons.webextension.screenshots@mozilla.org	WARN	Loading extension 'screenshots@mozilla.org': Reading manifest: Invalid host permission: about:reader*
1549909287760	Marionette	INFO	Listening on port 52999
1549909287872	Marionette	WARN	TLS certificate errors will be ignored for this session
1549909296221	Marionette	WARN	TimedPromise timed out after 500 ms: stacktrace:
bail@chrome://marionette/content/sync.js:196:64
1549909299029	Marionette	INFO	Stopped listening on port 52999
[Parent 6096, Gecko_IOThread] WARNING: pipe error: 109: file z:/build/build/src/ipc/chromium/src/chrome/common/ipc_channel_win.cc, line 332
[Child 6248, Chrome_ChildThread] WARNING: pipe error: 109: file z:/build/build/src/ipc/chromium/src/chrome/common/ipc_channel_win.cc, line 332
[Child 6248, Chrome_ChildThread] WARNING: pipe error: 109: f[Parent 6096, Gecko_IOThread] WARNING: file z:/build/build/src/ipc/chromium/src/base/process_util_win.cc, line 166
[Parent 6096, Gecko_IOThread] WARNING: pipe error: 109: file z:/build/build/src/ipc/chromium/src/chrome/common/ipc_channel_win.cc, line 332
[Child 7816, Chrome_ChildThread] WARNING: pipe error: 109: file z:/build/build/src/ipc/chromium/src/chrome/common/ipc_channel_win.cc, line 332
[Child 7816, Chrome_ChildThread] WARNING: pipe error: 109: file z:/build/build/src/ipc/chromium/src/chrome/common/ipc_channel_win.cc, line 332
[Parent 6096, Gecko_IOThread] WARNING: pipe error: 109: file z:/build/build/src/ipc/chromium/src/chrome/common/ipc_channel_win.cc, line 332
[Child 7420, Chrome_ChildThread] WARNING: pipe error: 109: file z:/build/build/src/ipc/chromium/src/chrome/common/ipc_channel_win.cc, line 332
[Child 7420, Chrome_ChildThread] WARNING: pipe error: 109: file z:/build/bui1550629865428	mozrunner::runner	INFO	Running command: "C:\\Program Files\\Mozilla Firefox\\firefox.exe" "-marionette" "-foreground" "-no-remote" "-profile" "C:\\Users\\vartika\\AppData\\Local\\Temp\\rust_mozprofile.ygzts9BBZ2uO"
1550629867101	addons.webextension.screenshots@mozilla.org	WARN	Loading extension 'screenshots@mozilla.org': Reading manifest: Invalid host permission: resource://pdf.js/
1550629867101	addons.webextension.screenshots@mozilla.org	WARN	Loading extension 'screenshots@mozilla.org': Reading manifest: Invalid host permission: about:reader*
[Parent 4296, Gecko_IOThread] WARNING: pipe error: 109: file z:/build/build/src/ipc/chromium/src/chrome/common/ipc_channel_win.cc, line 332
1550629877200	Marionette	INFO	Listening on port 50181
[Child 4084, Chrome_ChildThread] WARNING: pipe error: 109: file z:/build/build/src/ipc/chromium/src/chrome/common/ipc_channel_win.cc, line 332
[Child 4084, Chrome_ChildThread] WARNING: pipe error: 109: file z:/build/build/src/ipc/chromium/src/chrome/common/ipc_channel_win.cc, line 332
1550629877528	Marionette	WARN	TLS certificate errors will be ignored for this session
1550629885329	Marionette	WARN	TimedPromise timed out after 500 ms: stacktrace:
bail@chrome://marionette/content/sync.js:196:64
console.error: BroadcastService: 
  receivedBroadcastMessage: handler for
  remote-settings/monitor_changes
  threw error:
  Message: Error: Polling for changes failed: NetworkError when attempting to fetch resource..
  Stack:
    remoteSettingsFunction/remoteSettings.pollChanges@resource://services-settings/remote-settings.js:188:13

[Parent 4296, Gecko_IOThread] WARNING: pipe error: 109: file z:/build/build/src/ipc/chromium/src/chrome/common/ipc_channel_win.cc, line 332
[Child 6668, Chrome_ChildThread] WARNING: pipe error: 109: file z:/build/build/src/ipc/chromium/src/chrome/common/ipc_channel_win.cc, line 332
[Child 6668, Chrome_ChildThread] WARNING: pipe error: 109: file z:/build/build/src/ipc/chromium/src/chrome/common/ipc_channel_win.cc, line 332
[Child 6640, Chrome_ChildThread] WARNING: pipe error: 109: file z:/build/build/src/ipc/chromium/src/chrome/common/ipc_channel_win.cc, line 332
[Child 6640, Chrome_ChildThread] WARNING: pipe error: 109: file z:/build/buil[Parent 4296, Gecko_IOThread] WARNING: pipe error: 109: file z:/build/build/src/ipc/chromium/src/chrome/common/ipc_channel_win.cc, line 332
[Child 6840, Chrome_ChildThread] WARNING: pipe error: 109: file z:/build/build/src/ipc/chromium/src/chrome/common/ipc_channel_win.cc, line 332
[Child 6840, Chrome_ChildThread] WARNING: pipe error: 109: file z:/build/build/src/ipc/chromium/src/chrome/common/ipc_channel_win.cc, line 332
[Parent 4296, Gecko_IOThread] WARNING: file z:/build/build/src/ipc/chromium/src/base/process_util_win.cc, line 166
1550629916292	Marionette	INFO	Stopped listening on port 50181
